# ******************************************************
# PLUTO-Chombo 4.2 (Base) Grid File
# Generated on  Mon Jul 17 09:00:36 2017
# 
# DIMENSIONS: 3
# GEOMETRY:   CARTESIAN
# X1: [ 0.000000,  90.000000], 32 point(s), 3 ghosts
# X2: [ 0.000000,  90.000000], 32 point(s), 3 ghosts
# X3: [ 0.000000,  90.000000], 32 point(s), 3 ghosts
# ******************************************************
32 
 1   0.000000000000e+00    2.812500000000e+00
 2   2.812500000000e+00    5.625000000000e+00
 3   5.625000000000e+00    8.437500000000e+00
 4   8.437500000000e+00    1.125000000000e+01
 5   1.125000000000e+01    1.406250000000e+01
 6   1.406250000000e+01    1.687500000000e+01
 7   1.687500000000e+01    1.968750000000e+01
 8   1.968750000000e+01    2.250000000000e+01
 9   2.250000000000e+01    2.531250000000e+01
 10   2.531250000000e+01    2.812500000000e+01
 11   2.812500000000e+01    3.093750000000e+01
 12   3.093750000000e+01    3.375000000000e+01
 13   3.375000000000e+01    3.656250000000e+01
 14   3.656250000000e+01    3.937500000000e+01
 15   3.937500000000e+01    4.218750000000e+01
 16   4.218750000000e+01    4.500000000000e+01
 17   4.500000000000e+01    4.781250000000e+01
 18   4.781250000000e+01    5.062500000000e+01
 19   5.062500000000e+01    5.343750000000e+01
 20   5.343750000000e+01    5.625000000000e+01
 21   5.625000000000e+01    5.906250000000e+01
 22   5.906250000000e+01    6.187500000000e+01
 23   6.187500000000e+01    6.468750000000e+01
 24   6.468750000000e+01    6.750000000000e+01
 25   6.750000000000e+01    7.031250000000e+01
 26   7.031250000000e+01    7.312500000000e+01
 27   7.312500000000e+01    7.593750000000e+01
 28   7.593750000000e+01    7.875000000000e+01
 29   7.875000000000e+01    8.156250000000e+01
 30   8.156250000000e+01    8.437500000000e+01
 31   8.437500000000e+01    8.718750000000e+01
 32   8.718750000000e+01    9.000000000000e+01
32 
 1   0.000000000000e+00    2.812500000000e+00
 2   2.812500000000e+00    5.625000000000e+00
 3   5.625000000000e+00    8.437500000000e+00
 4   8.437500000000e+00    1.125000000000e+01
 5   1.125000000000e+01    1.406250000000e+01
 6   1.406250000000e+01    1.687500000000e+01
 7   1.687500000000e+01    1.968750000000e+01
 8   1.968750000000e+01    2.250000000000e+01
 9   2.250000000000e+01    2.531250000000e+01
 10   2.531250000000e+01    2.812500000000e+01
 11   2.812500000000e+01    3.093750000000e+01
 12   3.093750000000e+01    3.375000000000e+01
 13   3.375000000000e+01    3.656250000000e+01
 14   3.656250000000e+01    3.937500000000e+01
 15   3.937500000000e+01    4.218750000000e+01
 16   4.218750000000e+01    4.500000000000e+01
 17   4.500000000000e+01    4.781250000000e+01
 18   4.781250000000e+01    5.062500000000e+01
 19   5.062500000000e+01    5.343750000000e+01
 20   5.343750000000e+01    5.625000000000e+01
 21   5.625000000000e+01    5.906250000000e+01
 22   5.906250000000e+01    6.187500000000e+01
 23   6.187500000000e+01    6.468750000000e+01
 24   6.468750000000e+01    6.750000000000e+01
 25   6.750000000000e+01    7.031250000000e+01
 26   7.031250000000e+01    7.312500000000e+01
 27   7.312500000000e+01    7.593750000000e+01
 28   7.593750000000e+01    7.875000000000e+01
 29   7.875000000000e+01    8.156250000000e+01
 30   8.156250000000e+01    8.437500000000e+01
 31   8.437500000000e+01    8.718750000000e+01
 32   8.718750000000e+01    9.000000000000e+01
32 
 1   0.000000000000e+00    2.812500000000e+00
 2   2.812500000000e+00    5.625000000000e+00
 3   5.625000000000e+00    8.437500000000e+00
 4   8.437500000000e+00    1.125000000000e+01
 5   1.125000000000e+01    1.406250000000e+01
 6   1.406250000000e+01    1.687500000000e+01
 7   1.687500000000e+01    1.968750000000e+01
 8   1.968750000000e+01    2.250000000000e+01
 9   2.250000000000e+01    2.531250000000e+01
 10   2.531250000000e+01    2.812500000000e+01
 11   2.812500000000e+01    3.093750000000e+01
 12   3.093750000000e+01    3.375000000000e+01
 13   3.375000000000e+01    3.656250000000e+01
 14   3.656250000000e+01    3.937500000000e+01
 15   3.937500000000e+01    4.218750000000e+01
 16   4.218750000000e+01    4.500000000000e+01
 17   4.500000000000e+01    4.781250000000e+01
 18   4.781250000000e+01    5.062500000000e+01
 19   5.062500000000e+01    5.343750000000e+01
 20   5.343750000000e+01    5.625000000000e+01
 21   5.625000000000e+01    5.906250000000e+01
 22   5.906250000000e+01    6.187500000000e+01
 23   6.187500000000e+01    6.468750000000e+01
 24   6.468750000000e+01    6.750000000000e+01
 25   6.750000000000e+01    7.031250000000e+01
 26   7.031250000000e+01    7.312500000000e+01
 27   7.312500000000e+01    7.593750000000e+01
 28   7.593750000000e+01    7.875000000000e+01
 29   7.875000000000e+01    8.156250000000e+01
 30   8.156250000000e+01    8.437500000000e+01
 31   8.437500000000e+01    8.718750000000e+01
 32   8.718750000000e+01    9.000000000000e+01
